1
0
1
0
0
0
0
0
0
1
0
1
1
3
2
2
2
2
2
2
3
3
3
3
3
2
2
1
0
1
1
0
0
0
1
1
0
1
0
1
0
0
0
0
0
1
0
0
1
1
1
0
0
1
0
0
0
0
0
0
0
0
0
0
0
0
0
0
1
1
1
1
1
0
0
1
3
2
3
3
3
3
3
3
122
117
111
105
102
99
93
85
81
74
72
69
65
58
53
51
46
40
35
28
25
24
16
12
7
0
0
0
0
0
0
1
1
0
0
1
0
0
1
2
2
2
0
0
0
0
0
0
0
0
0
0
0
0
0
0
0
0
1
1
0
0
0
1
1
0
0
0
0
1
1
1
1
0
0
0
1
1
0
0
0
0
0
0
0
0
0
0
0
0
1
2
2
2
2
2
2
3
3
3
3
3
3
3
3
2
2
1
1
0
0
0
0
0
0
0
0
0
0
0
0
0
0
0
1
0
0
0
0
0
0
0
1
1
0
0
0
0
1
1
1
1
0
1
1
1
0
1
1
1
1
1
1
1
1
1
1
1
1
0
1
1
0
0
0
0
0
1
0
0
0
0
0
0
0
0
0
0
0
0
0
0
1
0
0
0
0
0
0
0
0
0
0
0
0
1
1
1
1
1
1
1
1
2
2
2
2
2
2
2
1
1
0
0
0
0
0
1
0
0
0
0
0
0
1
1
0
0
0
1
1
1
1
1
1
1
1
1
1
1
1
1
1
1
2
2
2
2
1
2
1
2
2
1
1
1
1
1
1
1
1
1
1
1
2
1
1
1
1
1
1
1
1
1
1
1
1
1
0
0
0
0
0
0
1
1
1
1
1
1
1
2
3
3
3
3
2
2
2
1
2
3
2
2
2
2
2
3
2
2
2
3
3
3
3
3
3
3
3
3
3
3
3
3
3
2
3
3
2
2
1
0
0
0
0
0
0
0
0
0
0
0
1
1
1
1
0
0
0
0
0
0
0
0
0
0
0
0
0
0
0
0
0
0
0
0
0
0
1
2
1
1
114
109
105
104
98
92
91
89
85
80
75
71
64
56
54
50
45
40
36
30
26
18
11
10
7
1
1
0
0
0
0
0
0
0
2
1
1
1
1
1
1
1
0
0
1
1
1
0
1
1
0
0
0
0
0
0
0
0
0
0
0
0
1
0
0
0
1
1
2
1
1
2
1
1
1
1
1
1
2
2
2
2
1
3
2
2
2
3
3
3
3
3
3
3
3
2
2
3
3
3
3
3
3
3
3
3
3
3
3
3
3
3
3
3
2
2
1
1
1
2
2
2
3
4
4
3
4
4
4
4
4
3
4
3
4
5
5
4
4
5
4
4
4
5
5
5
5
5
5
6
6
6
6
6
6
6
6
7
7
7
8
8
8
8
7
7
7
7
7
6
6
6
6
6
6
6
6
6
6
5
5
5
5
5
5
5
5
5
5
6
6
6
6
6
6
5
5
5
5
4
4
3
3
3
3
3
2
2
2
3
3
3
4
4
4
4
5
5
5
7
7
7
7
7
7
6
6
6
5
6
7
8
7
7
8
8
8
8
8
8
8
9
9
9
9
9
9
8
8
8
8
8
8
8
9
9
9
9
9
9
9
9
9
9
9
9
10
10
10
10
10
10
9
10
10
10
10
10
10
10
8
8
8
8
6
6
6
6
6
7
7
7
7
7
7
7
7
7
7
7
6
7
7
5
7
7
7
7
7
7
7
7
8
8
7
7
7
7
7
7
7
7
7
6
6
6
5
5
5
5
6
6
6
6
6
6
6
6
5
4
4
2
2
2
2
2
1
1
3
118
112
108
105
106
97
95
87
80
73
71
66
64
61
51
48
46
43
36
33
25
20
16
11
7
0
0
0
0
0
0
1
2
1
1
2
1
2
2
2
3
3
3
3
3
3
5
5
5
6
6
5
5
5
5
4
4
4
4
4
4
5
4
5
5
5
5
5
5
5
6
6
6
6
6
6
5
5
5
5
5
5
6
7
7
7
6
4
5
5
5
5
5
5
4
3
3
3
3
3
2
2
2
1
1
1
0
0
0
0
0
1
2
2
2
2
1
1
1
1
1
3
2
2
3
3
2
1
1
1
1
1
1
1
1
0
0
0
0
0
0
0
0
0
0
0
0
0
0
0
0
0
1
1
1
1
1
1
1
1
2
2
2
2
2
2
2
3
3
3
4
4
3
4
4
3
3
3
3
3
3
5
5
4
5
5
5
5
5
4
4
3
4
4
4
5
5
5
4
4
5
6
6
4
4
5
4
4
4
6
5
5
5
5
5
5
5
5
5
5
5
5
5
5
5
5
5
5
5
4
5
5
5
6
6
7
8
8
7
7
7
7
7
6
6
6
6
6
6
7
7
6
7
7
8
8
8
8
8
8
8
8
8
8
8
9
8
8
8
8
8
8
8
9
8
8
8
8
8
8
8
8
8
8
9
9
9
8
8
8
8
9
9
8
8
8
9
9
9
9
9
9
8
8
8
8
9
9
9
9
7
7
7
7
7
7
7
7
7
7
7
8
8
8
8
8
8
9
9
8
7
7
7
7
7
6
5
5
125
118
112
105
99
95
88
85
82
77
79
74
64
59
52
49
46
41
34
33
26
19
13
11
6
0
0
0
0
0
1
1
1
1
2
2
0
1
1
1
1
1
0
0
0
0
0
3
3
3
3
0
0
0
0
0
1
1
1
1
1
1
1
1
1
1
1
1
1
2
2
2
1
1
1
1
1
1
2
2
2
2
2
2
2
2
2
2
3
3
2
2
1
1
2
1
2
2
2
2
2
2
1
1
1
2
2
2
2
2
2
1
1
1
1
2
2
1
1
2
1
1
2
1
0
0
0
0
0
0
0
0
0
2
2
2
2
2
2
2
1
1
1
1
1
1
3
3
2
3
2
2
2
2
2
2
2
2
2
2
2
2
2
2
2
2
3
3
3
4
5
5
5
6
6
6
6
7
5
6
6
5
5
5
4
4
4
4
3
4
4
4
4
4
4
4
4
4
4
4
3
3
3
3
3
3
3
2
2
2
2
2
3
2
2
2
1
1
1
1
2
2
2
3
3
3
3
3
3
3
3
4
4
3
3
3
3
3
3
3
3
2
2
2
3
3
3
2
2
2
2
1
0
0
0
0
0
0
0
0
1
0
1
1
2
2
2
2
1
1
1
2
0
0
0
0
0
0
0
1
1
1
1
1
2
1
1
1
1
1
1
0
1
2
2
2
2
2
2
2
1
2
2
2
2
2
2
2
2
3
3
2
2
2
2
2
2
2
2
1
1
0
0
0
0
0
1
1
1
2
1
1
1
1
1
0
0
0
0
0
0
1
1
1
1
1
2
2
3
3
3
3
3
3
3
3
3
4
4
3
3
3
4
3
4
4
4
4
3
4
4
126
121
112
109
105
99
94
87
82
76
75
68
63
58
56
50
46
38
35
31
25
20
17
12
7
0
0
0
1
1
1
1
1
1
1
1
0
0
0
1
1
1
1
1
1
1
1
1
1
3
2
1
1
3
3
2
2
2
2
3
3
1
1
1
1
2
2
1
1
0
0
0
0
0
0
0
0
0
0
0
1
1
1
1
1
2
2
1
1
2
2
1
1
1
1
2
2
2
2
2
2
2
2
2
2
1
1
1
1
1
1
1
2
1
1
1
0
0
0
0
0
0
0
0
0
0
0
0
1
1
1
1
0
0
0
0
0
0
1
1
1
1
1
0
0
1
1
1
1
1
1
2
1
1
1
1
1
1
0
0
0
1
0
0
0
0
0
0
0
0
1
0
0
0
1
1
0
1
1
1
1
1
0
0
0
0
0
0
0
0
0
2
1
1
2
1
1
2
2
1
0
1
1
1
1
1
1
2
2
2
2
2
1
0
0
0
1
0
0
1
1
1
1
1
1
1
1
1
0
1
0
1
1
1
1
1
1
1
1
1
1
1
1
1
1
1
1
1
1
1
2
2
2
2
2
2
2
2
2
2
2
2
0
1
1
1
0
1
1
1
1
1
1
1
0
2
2
2
2
2
2
2
2
2
2
1
1
2
2
2
2
2
2
2
2
2
1
1
2
2
1
1
0
0
0
0
1
1
1
1
2
2
1
1
1
1
1
1
1
1
1
1
1
1
1
1
0
0
0
0
0
0
0
0
0
0
0
0
0
0
1
1
1
1
1
2
1
1
1
