1
0
0
0
0
0
0
1
0
2
1
3
2
2
2
2
2
2
3
3
3
3
3
2
2
2
0
1
1
0
0
0
1
1
0
2
0
1
0
0
0
0
0
1
0
0
1
1
2
0
0
1
0
0
0
0
0
0
0
0
0
0
1
1
1
1
2
1
1
2
2
1
1
2
4
4
4
4
4
4
4
4
114
109
106
101
96
90
85
79
77
74
72
66
60
55
55
50
44
37
31
29
24
21
18
10
7
0
0
0
0
0
1
3
3
2
2
3
2
2
3
5
5
5
4
4
4
4
4
4
4
4
4
4
4
4
4
4
4
4
5
6
6
6
6
8
8
8
8
8
8
9
9
9
9
9
9
9
10
10
9
9
9
9
9
9
9
9
9
10
9
9
10
11
11
11
11
11
11
12
12
12
13
12
12
12
12
10
10
10
9
9
9
9
9
9
9
9
9
9
9
9
9
9
9
9
10
9
9
9
9
9
9
9
10
10
9
9
9
9
10
10
11
11
11
12
12
12
12
13
13
13
13
14
14
14
14
14
14
15
15
14
15
15
14
14
14
14
14
15
14
14
14
14
14
14
14
14
14
14
14
14
14
14
15
14
14
14
14
14
15
15
15
15
15
15
15
16
17
17
17
17
17
17
17
18
18
18
19
19
17
17
17
17
16
16
16
16
16
17
16
16
16
16
16
16
17
17
16
16
16
17
16
16
16
16
16
16
16
16
17
17
17
17
17
17
18
18
17
17
17
18
17
18
18
17
17
17
18
18
17
18
18
18
18
18
18
17
17
18
18
17
17
17
18
18
17
17
17
17
17
17
17
17
17
16
17
17
17
17
18
17
17
18
19
18
18
18
18
18
18
18
18
18
18
18
18
17
17
19
18
18
19
20
20
20
20
20
20
20
20
20
20
20
20
20
20
19
19
19
18
19
17
17
17
17
17
17
17
17
17
17
17
17
18
18
18
18
17
17
17
17
17
17
17
17
18
18
18
18
18
18
18
18
18
18
18
18
18
18
19
20
19
19
118
114
111
104
97
95
92
85
82
74
72
69
65
60
53
47
42
41
33
31
25
19
18
10
8
2
2
1
1
1
1
1
1
1
3
2
3
4
4
4
5
5
5
5
6
6
6
5
6
6
6
6
6
6
6
6
6
6
6
6
6
6
7
6
6
6
7
7
8
7
7
7
7
7
8
8
8
8
9
9
9
9
8
10
9
9
9
10
10
10
10
10
10
10
10
9
9
9
9
9
9
9
9
8
8
8
9
9
9
10
9
9
9
9
9
10
9
9
9
10
10
10
10
11
11
11
12
12
12
12
12
11
12
12
13
14
14
13
13
14
13
13
13
13
13
13
14
14
14
14
14
14
14
14
14
15
15
15
15
15
15
15
15
15
14
13
13
15
16
15
15
15
15
14
14
14
14
14
14
13
13
13
13
13
13
13
12
13
13
14
14
14
14
13
13
10
11
11
10
11
12
10
11
12
12
11
10
10
10
10
10
10
11
11
11
11
12
12
12
13
13
13
13
13
13
14
14
14
13
14
16
15
15
15
15
15
15
14
14
14
14
15
15
15
15
15
16
14
13
13
13
13
13
13
14
13
13
13
14
13
13
13
13
13
13
13
13
13
13
13
13
13
14
15
15
15
15
15
15
14
13
13
13
14
13
12
12
12
12
13
14
14
13
13
13
13
13
13
13
13
12
13
13
10
12
12
12
13
14
14
14
14
14
14
13
13
13
13
13
12
12
12
12
12
12
12
11
12
11
11
11
11
11
10
10
10
12
12
10
10
10
9
9
9
9
8
8
8
10
119
111
110
107
98
97
92
86
81
74
67
68
62
59
56
50
45
41
36
30
28
23
19
12
8
0
0
0
0
0
0
1
2
2
3
4
3
4
4
4
5
6
6
6
6
6
7
7
7
8
8
7
7
7
7
6
6
7
7
7
7
9
8
9
8
8
9
9
8
8
8
9
9
9
8
9
9
9
8
8
8
9
7
8
8
8
7
7
8
8
8
7
8
7
7
6
6
6
5
5
4
4
5
3
4
5
5
5
5
5
5
6
7
7
7
7
6
6
6
6
6
7
7
7
8
7
7
7
7
7
6
6
6
6
6
5
5
5
5
5
5
5
5
5
5
6
5
5
5
5
5
5
7
7
7
7
6
7
7
7
7
7
7
7
8
7
7
7
7
7
10
10
9
10
10
10
10
10
9
10
10
12
12
11
10
10
10
10
10
9
9
9
10
9
9
10
10
10
9
9
11
12
12
11
11
12
11
11
11
11
11
11
11
12
12
12
11
11
11
11
11
11
11
11
11
11
11
10
11
10
12
12
12
12
12
12
13
13
12
12
12
11
11
11
9
9
9
9
10
9
9
9
10
10
10
10
10
10
10
10
11
12
12
12
12
11
12
12
12
12
13
14
14
15
16
15
14
14
14
11
11
12
12
12
12
12
12
11
11
11
11
12
12
11
11
11
12
13
13
13
13
12
13
13
13
13
14
14
14
13
13
13
13
12
13
13
13
14
14
14
14
14
13
13
13
13
14
14
14
15
14
15
14
14
14
13
12
12
130
126
125
117
111
99
93
87
78
76
72
69
66
58
51
44
42
36
31
33
27
22
16
13
8
0
0
0
0
0
1
1
1
1
2
2
0
1
1
1
1
1
1
1
1
1
1
4
4
4
4
2
2
2
2
2
4
4
4
4
4
4
4
4
4
4
4
4
4
5
5
4
4
4
4
4
4
5
5
6
5
5
6
6
6
6
6
6
6
6
6
6
4
4
5
4
5
5
5
5
5
5
4
4
4
5
5
5
5
5
5
4
4
4
4
5
5
4
4
5
4
4
5
4
3
3
3
3
3
3
4
4
4
6
6
6
6
6
6
6
5
5
5
5
5
5
8
8
7
7
6
7
6
6
6
6
6
6
5
5
5
5
6
7
7
7
8
8
8
7
7
7
8
8
9
9
9
10
9
10
10
9
9
9
9
9
8
7
7
7
7
7
7
8
8
9
9
8
8
8
7
7
7
7
6
6
7
6
6
6
6
6
7
6
7
6
5
5
5
5
6
6
6
7
7
7
7
7
7
8
7
7
7
6
6
6
6
7
7
7
6
6
6
6
6
6
6
5
5
5
6
5
4
4
4
4
4
4
4
4
5
4
5
5
6
6
6
6
5
6
6
9
8
8
8
8
8
8
8
9
9
9
9
9
9
9
9
9
9
9
9
8
9
11
11
11
11
11
11
11
10
11
11
11
11
11
11
12
12
13
13
12
12
12
12
12
12
12
11
11
12
12
12
12
12
12
13
13
13
14
13
13
13
13
13
12
12
12
12
12
12
13
13
13
13
13
14
14
15
15
15
16
15
15
15
15
15
16
16
15
15
15
15
15
16
16
15
15
15
16
15
120
114
112
107
106
101
97
91
83
77
71
70
67
60
58
51
48
40
35
31
26
21
16
11
7
0
0
0
2
3
4
5
5
5
5
5
4
4
4
5
5
5
5
5
5
5
5
5
5
7
6
6
6
7
7
6
6
6
6
6
6
5
5
5
5
6
6
5
6
5
5
5
5
5
5
5
5
5
5
5
6
6
6
6
6
7
7
6
6
6
6
6
6
6
6
7
7
7
7
8
7
7
7
7
7
6
6
6
6
6
6
6
6
6
6
6
6
6
6
6
6
6
6
6
6
6
6
6
7
8
8
8
7
7
7
7
7
7
8
8
9
11
11
10
10
11
11
12
12
12
12
13
12
12
12
12
13
13
12
12
12
13
12
12
12
12
12
12
12
12
13
12
12
12
13
13
12
13
13
15
15
16
15
15
15
15
15
15
15
15
15
17
16
16
18
17
17
18
18
17
16
17
17
17
17
17
17
18
18
18
18
18
17
17
17
17
18
17
17
18
19
19
19
19
20
20
20
20
19
20
19
20
21
21
21
21
21
21
21
21
21
21
21
21
21
21
21
21
21
21
22
22
22
22
22
22
22
22
22
22
22
22
21
22
23
23
22
23
23
23
23
23
23
23
22
24
24
24
24
24
24
24
24
24
23
23
23
24
24
24
24
24
24
24
24
24
23
23
24
24
23
23
22
22
22
22
23
23
23
23
23
23
22
22
22
23
23
23
23
23
23
24
24
24
24
22
22
22
22
22
22
22
22
22
22
22
22
22
23
23
24
24
24
24
24
24
24
24
24
